<?xml version="1.0" encoding="UTF-8"?>
<!-- Generated by org.testng.reporters.JUnitReportReporter -->
<testsuite skipped="0" hostname="adhmin-PC" name="com.crm.qa.testcases.LoginPageTest" tests="2" failures="0" timestamp="21 May 2020 09:24:53 GMT" time="61.255" errors="0">
  <testcase name="loginPageTitleTest" time="25.308" classname="com.crm.qa.testcases.LoginPageTest"/>
  <testcase name="loginTest" time="35.947" classname="com.crm.qa.testcases.LoginPageTest"/>
</testsuite> <!-- com.crm.qa.testcases.LoginPageTest -->
