<?xml version="1.0" encoding="UTF-8"?>
<!-- Generated by org.testng.reporters.JUnitReportReporter -->
<testsuite skipped="0" hostname="adhmin-PC" name="com.crm.qa.testcases.NewContactPageTest" tests="3" failures="0" timestamp="18 May 2020 10:42:49 GMT" time="364.225" errors="0">
  <testcase name="validateCreateNewContact" time="81.580" classname="com.crm.qa.testcases.NewContactPageTest"/>
  <testcase name="validateCreateNewContact" time="127.566" classname="com.crm.qa.testcases.NewContactPageTest"/>
  <testcase name="validateCreateNewContact" time="155.079" classname="com.crm.qa.testcases.NewContactPageTest"/>
</testsuite> <!-- com.crm.qa.testcases.NewContactPageTest -->
